{"uuid":"270d39c3-9541-490b-99ca-66b300015c17","historyId":"c9e8a9f9092f6a65c4c183ebccabc20a","fullName":"testLogin.CourierLoginTest.testWithWrongLoginOrPasswordCourier","labels":[{"name":"package","value":"testLogin"},{"name":"testClass","value":"testLogin.CourierLoginTest"},{"name":"testMethod","value":"testWithWrongLoginOrPasswordCourier"},{"name":"suite","value":"testLogin.CourierLoginTest"},{"name":"host","value":"DESKTOP-I6PGCD5"},{"name":"thread","value":"4156@DESKTOP-I6PGCD5.main(1)"},{"name":"framework","value":"junit4"},{"name":"language","value":"java"},{"name":"feature","value":"Р›РѕРіРёРЅ РєСѓСЂСЊРµСЂР°"},{"name":"epic","value":"Courier Management"}],"links":[],"name":"Login with wrong credentials should fail","status":"failed","statusDetails":{"known":false,"muted":false,"flaky":false,"message":"\nExpected: is \"РЈС‡РµС‚РЅР°СЏ Р·Р°РїРёСЃСЊ РЅРµ РЅР°Р№РґРµРЅР°\"\n     but: was \"Учетная запись не найдена\"","trace":"java.lang.AssertionError: \nExpected: is \"РЈС‡РµС‚РЅР°СЏ Р·Р°РїРёСЃСЊ РЅРµ РЅР°Р№РґРµРЅР°\"\n     but: was \"Учетная запись не найдена\"\r\n\tat org.hamcrest.MatcherAssert.assertThat(MatcherAssert.java:20)\r\n\tat org.hamcrest.MatcherAssert.assertThat(MatcherAssert.java:8)\r\n\tat testLogin.CourierLoginTest$CourierAssistant.checkErrorMessage(CourierLoginTest.java:54)\r\n\tat testLogin.CourierLoginTest.testWithWrongLoginOrPasswordCourier(CourierLoginTest.java:128)\r\n\tat java.base/jdk.internal.reflect.NativeMethodAccessorImpl.invoke0(Native Method)\r\n\tat java.base/jdk.internal.reflect.NativeMethodAccessorImpl.invoke(NativeMethodAccessorImpl.java:62)\r\n\tat java.base/jdk.internal.reflect.DelegatingMethodAccessorImpl.invoke(DelegatingMethodAccessorImpl.java:43)\r\n\tat java.base/java.lang.reflect.Method.invoke(Method.java:566)\r\n\tat org.junit.runners.model.FrameworkMethod$1.runReflectiveCall(FrameworkMethod.java:59)\r\n\tat org.junit.internal.runners.model.ReflectiveCallable.run(ReflectiveCallable.java:12)\r\n\tat org.junit.runners.model.FrameworkMethod.invokeExplosively(FrameworkMethod.java:56)\r\n\tat org.junit.internal.runners.statements.InvokeMethod.evaluate(InvokeMethod.java:17)\r\n\tat org.junit.internal.runners.statements.RunBefores.evaluate(RunBefores.java:26)\r\n\tat org.junit.internal.runners.statements.RunAfters.evaluate(RunAfters.java:27)\r\n\tat org.junit.runners.ParentRunner$3.evaluate(ParentRunner.java:306)\r\n\tat org.junit.runners.BlockJUnit4ClassRunner$1.evaluate(BlockJUnit4ClassRunner.java:100)\r\n\tat org.junit.runners.ParentRunner.runLeaf(ParentRunner.java:366)\r\n\tat org.junit.runners.BlockJUnit4ClassRunner.runChild(BlockJUnit4ClassRunner.java:103)\r\n\tat org.junit.runners.BlockJUnit4ClassRunner.runChild(BlockJUnit4ClassRunner.java:63)\r\n\tat org.junit.runners.ParentRunner$4.run(ParentRunner.java:331)\r\n\tat org.junit.runners.ParentRunner$1.schedule(ParentRunner.java:79)\r\n\tat org.junit.runners.ParentRunner.runChildren(ParentRunner.java:329)\r\n\tat org.junit.runners.ParentRunner.access$100(ParentRunner.java:66)\r\n\tat org.junit.runners.ParentRunner$2.evaluate(ParentRunner.java:293)\r\n\tat org.junit.runners.ParentRunner$3.evaluate(ParentRunner.java:306)\r\n\tat org.junit.runners.ParentRunner.run(ParentRunner.java:413)\r\n\tat org.apache.maven.surefire.junit4.JUnit4Provider.execute(JUnit4Provider.java:365)\r\n\tat org.apache.maven.surefire.junit4.JUnit4Provider.executeWithRerun(JUnit4Provider.java:273)\r\n\tat org.apache.maven.surefire.junit4.JUnit4Provider.executeTestSet(JUnit4Provider.java:238)\r\n\tat org.apache.maven.surefire.junit4.JUnit4Provider.invoke(JUnit4Provider.java:159)\r\n\tat org.apache.maven.surefire.booter.ForkedBooter.invokeProviderInSameClassLoader(ForkedBooter.java:384)\r\n\tat org.apache.maven.surefire.booter.ForkedBooter.runSuitesInProcess(ForkedBooter.java:345)\r\n\tat org.apache.maven.surefire.booter.ForkedBooter.execute(ForkedBooter.java:126)\r\n\tat org.apache.maven.surefire.booter.ForkedBooter.main(ForkedBooter.java:418)\r\n"},"stage":"finished","steps":[{"name":"РќР°СЃС‚СЂРѕР№РєР° С‚РµСЃС‚РѕРІРѕР№ СЃСЂРµРґС‹","status":"passed","stage":"finished","steps":[],"attachments":[],"parameters":[],"start":1730009449882,"stop":1730009449882},{"name":"РЎРёСЃС‚РµРјР° РІРµСЂРЅС‘С‚ РѕС€РёР±РєСѓ, РµСЃР»Рё РЅРµРїСЂР°РІРёР»СЊРЅРѕ СѓРєР°Р·Р°С‚СЊ Р»РѕРіРёРЅ РёР»Рё РїР°СЂРѕР»СЊ","status":"failed","statusDetails":{"known":false,"muted":false,"flaky":false,"message":"\nExpected: is \"РЈС‡РµС‚РЅР°СЏ Р·Р°РїРёСЃСЊ РЅРµ РЅР°Р№РґРµРЅР°\"\n     but: was \"Учетная запись не найдена\"","trace":"java.lang.AssertionError: \nExpected: is \"РЈС‡РµС‚РЅР°СЏ Р·Р°РїРёСЃСЊ РЅРµ РЅР°Р№РґРµРЅР°\"\n     but: was \"Учетная запись не найдена\"\r\n\tat org.hamcrest.MatcherAssert.assertThat(MatcherAssert.java:20)\r\n\tat org.hamcrest.MatcherAssert.assertThat(MatcherAssert.java:8)\r\n\tat testLogin.CourierLoginTest$CourierAssistant.checkErrorMessage(CourierLoginTest.java:54)\r\n\tat testLogin.CourierLoginTest.testWithWrongLoginOrPasswordCourier(CourierLoginTest.java:128)\r\n\tat java.base/jdk.internal.reflect.NativeMethodAccessorImpl.invoke0(Native Method)\r\n\tat java.base/jdk.internal.reflect.NativeMethodAccessorImpl.invoke(NativeMethodAccessorImpl.java:62)\r\n\tat java.base/jdk.internal.reflect.DelegatingMethodAccessorImpl.invoke(DelegatingMethodAccessorImpl.java:43)\r\n\tat java.base/java.lang.reflect.Method.invoke(Method.java:566)\r\n\tat org.junit.runners.model.FrameworkMethod$1.runReflectiveCall(FrameworkMethod.java:59)\r\n\tat org.junit.internal.runners.model.ReflectiveCallable.run(ReflectiveCallable.java:12)\r\n\tat org.junit.runners.model.FrameworkMethod.invokeExplosively(FrameworkMethod.java:56)\r\n\tat org.junit.internal.runners.statements.InvokeMethod.evaluate(InvokeMethod.java:17)\r\n\tat org.junit.internal.runners.statements.RunBefores.evaluate(RunBefores.java:26)\r\n\tat org.junit.internal.runners.statements.RunAfters.evaluate(RunAfters.java:27)\r\n\tat org.junit.runners.ParentRunner$3.evaluate(ParentRunner.java:306)\r\n\tat org.junit.runners.BlockJUnit4ClassRunner$1.evaluate(BlockJUnit4ClassRunner.java:100)\r\n\tat org.junit.runners.ParentRunner.runLeaf(ParentRunner.java:366)\r\n\tat org.junit.runners.BlockJUnit4ClassRunner.runChild(BlockJUnit4ClassRunner.java:103)\r\n\tat org.junit.runners.BlockJUnit4ClassRunner.runChild(BlockJUnit4ClassRunner.java:63)\r\n\tat org.junit.runners.ParentRunner$4.run(ParentRunner.java:331)\r\n\tat org.junit.runners.ParentRunner$1.schedule(ParentRunner.java:79)\r\n\tat org.junit.runners.ParentRunner.runChildren(ParentRunner.java:329)\r\n\tat org.junit.runners.ParentRunner.access$100(ParentRunner.java:66)\r\n\tat org.junit.runners.ParentRunner$2.evaluate(ParentRunner.java:293)\r\n\tat org.junit.runners.ParentRunner$3.evaluate(ParentRunner.java:306)\r\n\tat org.junit.runners.ParentRunner.run(ParentRunner.java:413)\r\n\tat org.apache.maven.surefire.junit4.JUnit4Provider.execute(JUnit4Provider.java:365)\r\n\tat org.apache.maven.surefire.junit4.JUnit4Provider.executeWithRerun(JUnit4Provider.java:273)\r\n\tat org.apache.maven.surefire.junit4.JUnit4Provider.executeTestSet(JUnit4Provider.java:238)\r\n\tat org.apache.maven.surefire.junit4.JUnit4Provider.invoke(JUnit4Provider.java:159)\r\n\tat org.apache.maven.surefire.booter.ForkedBooter.invokeProviderInSameClassLoader(ForkedBooter.java:384)\r\n\tat org.apache.maven.surefire.booter.ForkedBooter.runSuitesInProcess(ForkedBooter.java:345)\r\n\tat org.apache.maven.surefire.booter.ForkedBooter.execute(ForkedBooter.java:126)\r\n\tat org.apache.maven.surefire.booter.ForkedBooter.main(ForkedBooter.java:418)\r\n"},"stage":"finished","steps":[{"name":"РЎРѕР·РґР°РЅРёРµ РєСѓСЂСЊРµСЂР°","status":"passed","stage":"finished","steps":[],"attachments":[],"parameters":[{"name":"body","value":"{ \"login\": \"qal\", \"password\": \"123\", \"firstName\": \"ytut\" }"}],"start":1730009449884,"stop":1730009450037}],"attachments":[],"parameters":[],"start":1730009449882,"stop":1730009450216}],"attachments":[],"parameters":[],"start":1730009449881,"stop":1730009450217}